<?xml version="1.0" encoding="UTF-8"?>
<testng-results ignored="0" total="1" passed="1" failed="0" skipped="0">
  <reporter-output>
  </reporter-output>
  <suite started-at="2021-01-26T01:47:49 IST" name="Default suite" finished-at="2021-01-26T01:47:56 IST" duration-ms="6494">
    <groups>
    </groups>
    <test started-at="2021-01-26T01:47:49 IST" name="Default test" finished-at="2021-01-26T01:47:56 IST" duration-ms="6494">
      <class name="testRunner.TestRunner">
        <test-method is-config="true" signature="setUP()[pri:0, instance:testRunner.TestRunner@5b7a5baa]" started-at="2021-01-26T01:47:49 IST" name="setUP" finished-at="2021-01-26T01:47:50 IST" duration-ms="237" status="PASS">
          <reporter-output>
          </reporter-output>
        </test-method> <!-- setUP -->
        <test-method signature="login(cucumber.api.testng.CucumberFeatureWrapper)[pri:0, instance:testRunner.TestRunner@5b7a5baa]" started-at="2021-01-26T01:47:50 IST" name="login" description="login" data-provider="features" finished-at="2021-01-26T01:47:55 IST" duration-ms="5886" status="PASS">
          <params>
            <param index="0">
              <value>
                <![CDATA[Testing of Compose Function]]>
              </value>
            </param>
          </params>
          <reporter-output>
          </reporter-output>
        </test-method> <!-- login -->
        <test-method is-config="true" signature="tearDown()[pri:0, instance:testRunner.TestRunner@5b7a5baa]" started-at="2021-01-26T01:47:56 IST" name="tearDown" finished-at="2021-01-26T01:47:56 IST" duration-ms="270" status="PASS">
          <reporter-output>
          </reporter-output>
        </test-method> <!-- tearDown -->
      </class> <!-- testRunner.TestRunner -->
    </test> <!-- Default test -->
  </suite> <!-- Default suite -->
</testng-results>
